undefined : [object Object] : [undefined] : undefined
undefined : [object Object] : [undefined] : undefined
undefined : [object Object] : [undefined] : undefined
undefined : [object Object] : [undefined] : undefined
undefined : [object Object] : [undefined] : undefined
undefined : [object Object] : [undefined] : undefined
undefined : [object Object] : [undefined] : undefined
undefined : [object Object] : [undefined] : undefined
undefined : [object Object] : [undefined] : undefined
undefined : [object Object] : [undefined] : undefined
undefined : [object Object] : [undefined] : undefined
undefined : [object Object] : [undefined] : undefined
undefined : [object Object] : [undefined] : undefined
undefined : [object Object] : [undefined] : undefined
undefined : [object Object] : [undefined] : undefined
undefined : [object Object] : [undefined] : undefined
undefined : [object Object] : [undefined] : undefined
undefined : [object Object] : [undefined] : undefined
2025-08-21 04:25:13 : info : [undefined] : Successfully started the server
2025-08-21 04:25:19 : info : [undefined] : Successfully started the server
2025-08-21 04:25:40 : info : [undefined] : Successfully started the server
2025-08-21 04:25:48 : info  : Successfully started the server
2025-08-21 04:25:58 : info  : Successfully started the server
2025-08-21 04:26:18 : info  : Successfully started the server
2025-08-21 17:22:53 : info  : Successfully started the server
function createFormatWrap(opts) {
    return new Format(opts);
  } : info  : Successfully started the server
2025-08-21 17:31:30 : info  : Successfully started the server
2025-08-21 17:31:31 : info  : Successfully started the server
2025-08-21 17:32:30 : info  : Successfully started the server
2025-08-21 17:34:31 : info  : Successfully started the server
2025-08-21 18:31:44 : info  : Successfully started the server
2025-08-21 18:34:19 : info  : Successfully started the server
2025-08-21 18:34:20 : info  : Successfully started the server
2025-08-21 19:43:32 : info  : Successfully started the server
2025-08-21 20:30:38 : info  : Successfully started the server
2025-08-21 20:36:45 : info  : Successfully started the server
2025-08-21 20:36:51 : info  : Successfully started the server
2025-08-21 20:54:45 : info  : Successfully started the server
2025-08-21 20:54:46 : info  : Successfully started the server
2025-08-21 20:54:48 : info  : Successfully started the server
2025-08-21 20:54:49 : info  : Successfully started the server
2025-08-21 20:54:54 : info  : Successfully started the server
2025-08-21 20:54:57 : info  : Successfully started the server
2025-08-21 20:54:57 : info  : Successfully started the server
2025-08-21 20:56:37 : info  : Successfully started the server
2025-08-21 20:56:41 : info  : Successfully started the server
2025-08-21 20:56:43 : info  : Successfully started the server
2025-08-21 20:56:45 : info  : Successfully started the server
2025-08-21 20:57:50 : error  : Something went wrong in the crud repository layer: SequelizeValidationError: notNull Violation: Airplane.modelNumber cannot be null
2025-08-21 20:58:40 : info  : Successfully started the server
2025-08-21 20:59:10 : info  : Successfully started the server
2025-08-21 20:59:23 : info  : Successfully started the server
2025-08-21 20:59:29 : info  : Successfully started the server
2025-08-21 20:59:35 : info  : Successfully started the server
2025-08-21 20:59:52 : info  : Successfully started the server
2025-08-21 20:59:59 : info  : Successfully started the server
2025-08-21 21:00:04 : info  : Successfully started the server
2025-08-21 21:00:13 : info  : Successfully started the server
2025-08-21 21:01:29 : info  : Successfully started the server
2025-08-21 21:01:32 : info  : Successfully started the server
2025-08-21 21:32:30 : info  : Successfully started the server
2025-08-21 21:36:31 : error  : Something went wrong in the crud repository layer: SequelizeValidationError: notNull Violation: Airplane.modelNumber cannot be null
2025-08-21 21:37:51 : error  : Something went wrong in the crud repository layer: SequelizeValidationError: notNull Violation: Airplane.modelNumber cannot be null
2025-08-21 22:00:31 : info  : Successfully started the server
2025-08-21 22:00:34 : info  : Successfully started the server
2025-08-21 22:00:39 : info  : Successfully started the server
2025-08-21 22:00:50 : info  : Successfully started the server
2025-08-21 22:01:01 : info  : Successfully started the server
2025-08-21 22:01:05 : info  : Successfully started the server
2025-08-21 22:01:10 : info  : Successfully started the server
2025-08-21 22:01:12 : info  : Successfully started the server
2025-08-21 22:01:14 : info  : Successfully started the server
2025-08-21 22:01:20 : info  : Successfully started the server
2025-08-21 22:02:50 : info  : Successfully started the server
2025-08-21 22:04:43 : info  : Successfully started the server
2025-08-21 22:04:54 : info  : Successfully started the server
2025-08-21 22:04:55 : info  : Successfully started the server
2025-08-21 22:18:05 : info  : Successfully started the server
2025-08-21 22:18:07 : info  : Successfully started the server
2025-08-21 22:18:36 : info  : Successfully started the server
2025-08-21 22:18:43 : info  : Successfully started the server
2025-08-21 22:18:59 : info  : Successfully started the server
2025-08-21 22:19:05 : info  : Successfully started the server
2025-08-21 22:19:27 : info  : Successfully started the server
2025-08-21 22:19:34 : info  : Successfully started the server
2025-08-21 22:19:39 : info  : Successfully started the server
2025-08-21 22:19:43 : info  : Successfully started the server
2025-08-21 22:19:46 : info  : Successfully started the server
2025-08-21 22:19:47 : info  : Successfully started the server
2025-08-21 22:19:52 : info  : Successfully started the server
2025-08-21 22:20:27 : info  : Successfully started the server
2025-08-21 22:20:36 : info  : Successfully started the server
2025-08-21 22:21:08 : info  : Successfully started the server
2025-08-21 22:21:11 : info  : Successfully started the server
2025-08-21 22:21:17 : info  : Successfully started the server
2025-08-21 22:21:19 : info  : Successfully started the server
2025-08-21 22:21:26 : info  : Successfully started the server
2025-08-21 22:21:28 : info  : Successfully started the server
2025-08-21 22:21:31 : info  : Successfully started the server
2025-08-21 22:21:33 : info  : Successfully started the server
2025-08-21 22:21:39 : info  : Successfully started the server
2025-08-21 22:21:40 : info  : Successfully started the server
2025-08-21 22:22:27 : info  : Successfully started the server
2025-08-21 22:22:33 : info  : Successfully started the server
2025-08-21 22:22:36 : info  : Successfully started the server
2025-08-21 22:22:42 : info  : Successfully started the server
2025-08-21 22:22:43 : info  : Successfully started the server
2025-08-21 22:22:44 : info  : Successfully started the server
2025-08-21 22:22:47 : info  : Successfully started the server
2025-08-21 22:22:53 : info  : Successfully started the server
2025-08-21 22:22:54 : info  : Successfully started the server
2025-08-21 22:22:56 : info  : Successfully started the server
2025-08-21 22:23:40 : info  : Successfully started the server
2025-08-21 22:24:18 : info  : Successfully started the server
2025-08-21 22:24:20 : info  : Successfully started the server
2025-08-21 22:24:21 : info  : Successfully started the server
2025-08-21 22:24:32 : info  : Successfully started the server
2025-08-21 22:24:34 : info  : Successfully started the server
2025-08-21 22:24:37 : info  : Successfully started the server
2025-08-21 22:24:40 : info  : Successfully started the server
2025-08-21 22:24:41 : info  : Successfully started the server
2025-08-21 22:24:52 : info  : Successfully started the server
2025-08-21 22:24:55 : info  : Successfully started the server
2025-08-21 22:24:56 : info  : Successfully started the server
2025-08-21 22:25:00 : info  : Successfully started the server
2025-08-21 22:25:06 : info  : Successfully started the server
2025-08-21 22:25:08 : info  : Successfully started the server
2025-08-21 22:25:11 : info  : Successfully started the server
2025-08-21 22:28:01 : info  : Successfully started the server
2025-08-21 22:28:07 : info  : Successfully started the server
2025-08-21 22:28:18 : info  : Successfully started the server
2025-08-21 22:29:20 : info  : Successfully started the server
2025-08-21 22:29:45 : info  : Successfully started the server
2025-08-21 22:29:48 : info  : Successfully started the server
2025-08-21 22:29:51 : info  : Successfully started the server
2025-08-21 22:29:57 : info  : Successfully started the server
2025-08-21 22:30:03 : info  : Successfully started the server
2025-08-21 22:30:06 : info  : Successfully started the server
2025-08-21 22:31:09 : info  : Successfully started the server
2025-08-21 22:31:16 : info  : Successfully started the server
2025-08-21 22:31:20 : info  : Successfully started the server
2025-08-21 22:31:22 : info  : Successfully started the server
2025-08-21 22:31:23 : info  : Successfully started the server
2025-08-21 22:31:25 : info  : Successfully started the server
2025-08-21 22:31:30 : info  : Successfully started the server
2025-08-21 22:31:41 : info  : Successfully started the server
2025-08-21 22:31:44 : info  : Successfully started the server
2025-08-21 22:31:45 : info  : Successfully started the server
2025-08-21 22:32:23 : info  : Successfully started the server
2025-08-21 22:32:23 : info  : Successfully started the server
2025-08-21 22:33:26 : info  : Successfully started the server
2025-08-21 22:33:27 : info  : Successfully started the server
2025-08-21 22:34:12 : info  : Successfully started the server
2025-08-21 22:34:12 : info  : Successfully started the server
2025-08-21 22:34:17 : info  : Successfully started the server
2025-08-21 22:35:12 : info  : Successfully started the server
2025-08-21 22:35:22 : info  : Successfully started the server
2025-08-21 22:35:25 : info  : Successfully started the server
2025-08-21 22:35:37 : info  : Successfully started the server
2025-08-21 22:35:40 : info  : Successfully started the server
2025-08-21 22:36:06 : info  : Successfully started the server
2025-08-21 22:36:08 : info  : Successfully started the server
2025-08-21 22:40:41 : info  : Successfully started the server
2025-08-21 22:40:59 : info  : Successfully started the server
2025-08-21 22:41:09 : info  : Successfully started the server
2025-08-21 22:42:37 : info  : Successfully started the server
2025-08-21 22:42:39 : info  : Successfully started the server
2025-08-21 22:42:41 : info  : Successfully started the server
2025-08-21 22:42:55 : info  : Successfully started the server
2025-08-21 22:42:56 : info  : Successfully started the server
2025-08-21 22:43:14 : info  : Successfully started the server
2025-08-21 22:43:30 : info  : Successfully started the server
2025-08-21 22:43:32 : info  : Successfully started the server
2025-08-21 22:47:40 : info  : Successfully started the server
2025-08-21 22:47:42 : info  : Successfully started the server
2025-08-21 22:50:22 : info  : Successfully started the server
2025-08-21 22:50:27 : info  : Successfully started the server
2025-08-21 22:50:32 : info  : Successfully started the server
2025-08-21 22:50:34 : info  : Successfully started the server
2025-08-21 22:50:54 : info  : Successfully started the server
2025-08-21 22:51:51 : info  : Successfully started the server
2025-08-21 22:51:54 : info  : Successfully started the server
2025-08-21 22:51:55 : info  : Successfully started the server
2025-08-21 22:52:30 : info  : Successfully started the server
2025-08-21 22:52:31 : info  : Successfully started the server
2025-08-21 22:52:52 : info  : Successfully started the server
2025-08-21 22:54:18 : info  : Successfully started the server
2025-08-21 22:54:19 : info  : Successfully started the server
2025-08-21 22:54:20 : info  : Successfully started the server
2025-08-21 22:54:24 : info  : Successfully started the server
2025-08-21 22:55:05 : info  : Successfully started the server
2025-08-21 22:55:05 : info  : Successfully started the server
2025-08-21 22:55:10 : info  : Successfully started the server
2025-08-21 22:55:36 : info  : Successfully started the server
2025-08-21 22:55:37 : info  : Successfully started the server
2025-08-21 22:56:01 : info  : Successfully started the server
2025-08-21 22:56:06 : info  : Successfully started the server
2025-08-21 22:56:12 : info  : Successfully started the server
2025-08-21 22:56:15 : info  : Successfully started the server
2025-08-21 22:56:18 : info  : Successfully started the server
2025-08-21 22:56:40 : info  : Successfully started the server
2025-08-21 22:56:44 : info  : Successfully started the server
2025-08-21 22:56:46 : info  : Successfully started the server
2025-08-21 22:56:49 : info  : Successfully started the server
2025-08-21 22:56:55 : info  : Successfully started the server
2025-08-21 22:56:57 : info  : Successfully started the server
2025-08-21 22:57:21 : info  : Successfully started the server
2025-08-21 22:57:25 : info  : Successfully started the server
2025-08-21 22:57:26 : info  : Successfully started the server
2025-08-21 22:57:31 : info  : Successfully started the server
2025-08-21 22:57:32 : info  : Successfully started the server
2025-08-21 22:57:37 : info  : Successfully started the server
2025-08-21 22:57:48 : info  : Successfully started the server
2025-08-21 22:58:01 : info  : Successfully started the server
2025-08-21 22:58:04 : info  : Successfully started the server
2025-08-21 23:00:56 : info  : Successfully started the server
2025-08-21 23:03:47 : info  : Successfully started the server
2025-08-21 23:03:48 : info  : Successfully started the server
2025-08-21 23:03:48 : info  : Successfully started the server
2025-08-21 23:03:57 : info  : Successfully started the server
2025-08-21 23:06:03 : info  : Successfully started the server
2025-08-21 23:06:19 : info  : Successfully started the server
2025-08-21 23:06:26 : info  : Successfully started the server
2025-08-21 23:06:36 : info  : Successfully started the server
2025-08-21 23:06:43 : info  : Successfully started the server
2025-08-21 23:08:14 : info  : Successfully started the server
2025-08-21 23:08:15 : info  : Successfully started the server
2025-08-21 23:09:09 : info  : Successfully started the server
2025-08-21 23:09:22 : info  : Successfully started the server
2025-08-21 23:09:22 : info  : Successfully started the server
2025-08-21 23:09:31 : info  : Successfully started the server
2025-08-21 23:18:33 : info  : Successfully started the server
2025-08-21 23:18:43 : info  : Successfully started the server
2025-08-21 23:18:46 : info  : Successfully started the server
2025-08-21 23:18:46 : info  : Successfully started the server
2025-08-21 23:19:04 : info  : Successfully started the server
2025-08-21 23:19:39 : info  : Successfully started the server
2025-08-21 23:19:43 : info  : Successfully started the server
2025-08-21 23:19:47 : info  : Successfully started the server
2025-08-21 23:19:48 : info  : Successfully started the server
2025-08-21 23:19:50 : info  : Successfully started the server
2025-08-21 23:19:51 : info  : Successfully started the server
2025-08-21 23:20:05 : info  : Successfully started the server
2025-08-21 23:20:06 : info  : Successfully started the server
2025-08-21 23:33:11 : info  : Successfully started the server
2025-08-21 23:33:16 : info  : Successfully started the server
2025-08-21 23:33:17 : info  : Successfully started the server
2025-08-21 23:33:23 : info  : Successfully started the server
2025-08-21 23:33:37 : info  : Successfully started the server
2025-08-21 23:33:40 : info  : Successfully started the server
2025-08-21 23:33:43 : info  : Successfully started the server
2025-08-21 23:33:45 : info  : Successfully started the server
2025-08-21 23:34:12 : info  : Successfully started the server
2025-08-21 23:34:13 : info  : Successfully started the server
2025-08-21 23:34:28 : info  : Successfully started the server
2025-08-21 23:34:29 : info  : Successfully started the server
2025-08-21 23:34:47 : info  : Successfully started the server
2025-08-21 23:34:50 : info  : Successfully started the server
2025-08-21 23:34:57 : info  : Successfully started the server
2025-08-21 23:34:59 : info  : Successfully started the server
2025-08-21 23:35:00 : info  : Successfully started the server
2025-08-21 23:35:30 : info  : Successfully started the server
2025-08-21 23:36:13 : info  : Successfully started the server
2025-08-21 23:36:22 : info  : Successfully started the server
2025-08-21 23:36:23 : info  : Successfully started the server
2025-08-21 23:38:55 : info  : Successfully started the server
2025-08-21 23:38:58 : info  : Successfully started the server
2025-08-21 23:39:00 : info  : Successfully started the server
2025-08-21 23:39:02 : info  : Successfully started the server
2025-08-21 23:39:08 : info  : Successfully started the server
2025-08-21 23:39:12 : info  : Successfully started the server
2025-08-21 23:39:14 : info  : Successfully started the server
2025-08-21 23:39:17 : info  : Successfully started the server
2025-08-21 23:41:03 : info  : Successfully started the server
2025-08-21 23:41:05 : info  : Successfully started the server
2025-08-21 23:41:06 : info  : Successfully started the server
2025-08-21 23:41:10 : info  : Successfully started the server
2025-08-21 23:41:58 : info  : Successfully started the server
2025-08-21 23:43:21 : info  : Successfully started the server
2025-08-21 23:43:23 : info  : Successfully started the server
2025-08-21 23:43:43 : info  : Successfully started the server
2025-08-21 23:44:01 : info  : Successfully started the server
2025-08-21 23:44:03 : info  : Successfully started the server
2025-08-21 23:44:22 : info  : Successfully started the server
2025-08-21 23:44:25 : info  : Successfully started the server
2025-08-21 23:44:27 : info  : Successfully started the server
2025-08-21 23:44:41 : info  : Successfully started the server
2025-08-22 00:01:21 : info  : Successfully started the server
2025-08-22 00:01:27 : info  : Successfully started the server
2025-08-22 00:01:27 : info  : Successfully started the server
2025-08-22 00:01:41 : info  : Successfully started the server
2025-08-22 00:01:42 : info  : Successfully started the server
2025-08-22 00:01:47 : info  : Successfully started the server
2025-08-22 00:01:55 : info  : Successfully started the server
2025-08-22 00:01:55 : info  : Successfully started the server
2025-08-22 12:54:50 : info  : Successfully started the server
2025-08-22 12:55:15 : info  : Successfully started the server
2025-08-22 12:55:57 : info  : Successfully started the server
2025-08-22 12:56:12 : info  : Successfully started the server
2025-08-22 12:57:18 : info  : Successfully started the server
2025-08-22 12:58:37 : info  : Successfully started the server
2025-08-22 12:58:40 : info  : Successfully started the server
2025-08-22 12:58:41 : info  : Successfully started the server
2025-08-22 12:58:49 : info  : Successfully started the server
2025-08-22 12:58:52 : info  : Successfully started the server
2025-08-22 12:58:56 : info  : Successfully started the server
2025-08-22 12:58:58 : info  : Successfully started the server
2025-08-22 12:59:01 : info  : Successfully started the server
2025-08-22 12:59:31 : info  : Successfully started the server
2025-08-22 12:59:33 : info  : Successfully started the server
2025-08-22 12:59:36 : info  : Successfully started the server
2025-08-22 13:00:10 : info  : Successfully started the server
2025-08-22 13:00:12 : info  : Successfully started the server
2025-08-22 13:00:30 : info  : Successfully started the server
2025-08-22 13:01:10 : info  : Successfully started the server
2025-08-22 13:02:12 : info  : Successfully started the server
2025-08-22 13:02:14 : info  : Successfully started the server
2025-08-22 13:10:45 : info  : Successfully started the server
2025-08-22 13:10:53 : info  : Successfully started the server
2025-08-22 13:10:57 : info  : Successfully started the server
2025-08-22 13:11:39 : info  : Successfully started the server
2025-08-22 13:11:52 : info  : Successfully started the server
2025-08-22 13:11:59 : info  : Successfully started the server
2025-08-22 13:12:02 : info  : Successfully started the server
2025-08-22 13:12:07 : info  : Successfully started the server
2025-08-22 13:12:09 : info  : Successfully started the server
2025-08-22 13:12:10 : info  : Successfully started the server
2025-08-22 13:12:33 : info  : Successfully started the server
2025-08-22 13:12:40 : info  : Successfully started the server
2025-08-22 13:12:44 : info  : Successfully started the server
2025-08-22 13:12:50 : info  : Successfully started the server
2025-08-22 13:12:53 : info  : Successfully started the server
2025-08-22 13:13:05 : info  : Successfully started the server
2025-08-22 13:13:12 : info  : Successfully started the server
2025-08-22 13:13:12 : info  : Successfully started the server
2025-08-22 13:14:39 : info  : Successfully started the server
2025-08-22 13:14:46 : info  : Successfully started the server
2025-08-22 13:14:50 : info  : Successfully started the server
2025-08-22 13:14:51 : info  : Successfully started the server
2025-08-22 13:14:55 : info  : Successfully started the server
2025-08-22 13:16:06 : info  : Successfully started the server
2025-08-22 13:16:12 : info  : Successfully started the server
2025-08-22 13:18:09 : info  : Successfully started the server
2025-08-22 13:18:12 : info  : Successfully started the server
2025-08-22 13:19:34 : info  : Successfully started the server
2025-08-22 13:19:37 : info  : Successfully started the server
2025-08-22 13:19:39 : info  : Successfully started the server
2025-08-22 13:19:39 : info  : Successfully started the server
2025-08-22 13:20:13 : info  : Successfully started the server
2025-08-22 13:21:28 : info  : Successfully started the server
2025-08-22 13:21:31 : info  : Successfully started the server
2025-08-22 13:22:06 : info  : Successfully started the server
2025-08-22 13:22:09 : info  : Successfully started the server
2025-08-22 13:22:13 : info  : Successfully started the server
2025-08-22 13:22:13 : info  : Successfully started the server
2025-08-22 13:22:24 : info  : Successfully started the server
2025-08-22 13:22:25 : info  : Successfully started the server
2025-08-22 13:24:02 : info  : Successfully started the server
2025-08-22 13:24:07 : info  : Successfully started the server
2025-08-22 13:24:09 : info  : Successfully started the server
2025-08-22 13:24:35 : info  : Successfully started the server
2025-08-22 13:24:47 : info  : Successfully started the server
2025-08-22 13:24:52 : info  : Successfully started the server
2025-08-22 13:25:03 : info  : Successfully started the server
2025-08-22 13:25:04 : info  : Successfully started the server
2025-08-22 13:25:11 : info  : Successfully started the server
2025-08-22 13:25:15 : info  : Successfully started the server
2025-08-22 13:25:19 : info  : Successfully started the server
2025-08-22 13:25:20 : info  : Successfully started the server
2025-08-22 13:26:05 : info  : Successfully started the server
2025-08-22 13:26:09 : info  : Successfully started the server
2025-08-22 13:26:14 : info  : Successfully started the server
2025-08-22 13:26:18 : info  : Successfully started the server
2025-08-22 13:26:20 : info  : Successfully started the server
2025-08-22 13:26:28 : info  : Successfully started the server
2025-08-22 13:26:30 : info  : Successfully started the server
2025-08-22 13:26:35 : info  : Successfully started the server
2025-08-22 13:27:24 : info  : Successfully started the server
2025-08-22 13:27:24 : info  : Successfully started the server
2025-08-22 13:27:44 : info  : Successfully started the server
2025-08-22 13:27:52 : info  : Successfully started the server
2025-08-22 13:28:01 : info  : Successfully started the server
2025-08-22 13:28:05 : info  : Successfully started the server
2025-08-22 13:28:06 : info  : Successfully started the server
2025-08-22 13:28:08 : info  : Successfully started the server
2025-08-22 13:29:50 : info  : Successfully started the server
2025-08-22 13:30:01 : info  : Successfully started the server
2025-08-22 13:30:01 : info  : Successfully started the server
2025-08-22 13:30:07 : info  : Successfully started the server
2025-08-22 13:30:08 : info  : Successfully started the server
2025-08-22 13:30:22 : info  : Successfully started the server
2025-08-22 13:30:33 : info  : Successfully started the server
2025-08-22 13:30:35 : info  : Successfully started the server
2025-08-22 13:31:04 : info  : Successfully started the server
2025-08-22 13:31:06 : info  : Successfully started the server
2025-08-22 13:31:08 : info  : Successfully started the server
2025-08-22 13:31:16 : info  : Successfully started the server
2025-08-22 13:31:18 : info  : Successfully started the server
2025-08-22 13:34:13 : info  : Successfully started the server
2025-08-22 13:34:19 : info  : Successfully started the server
2025-08-22 13:34:24 : info  : Successfully started the server
2025-08-22 13:34:28 : info  : Successfully started the server
2025-08-22 13:34:31 : info  : Successfully started the server
2025-08-22 13:35:55 : info  : Successfully started the server
2025-08-22 13:35:58 : info  : Successfully started the server
2025-08-22 13:36:00 : info  : Successfully started the server
2025-08-22 13:43:50 : info  : Successfully started the server
2025-08-22 13:44:06 : info  : Successfully started the server
2025-08-22 13:44:13 : info  : Successfully started the server
2025-08-22 13:44:22 : info  : Successfully started the server
2025-08-22 13:44:29 : info  : Successfully started the server
2025-08-22 13:44:33 : info  : Successfully started the server
2025-08-22 13:44:46 : info  : Successfully started the server
2025-08-22 13:44:52 : info  : Successfully started the server
2025-08-22 13:45:07 : info  : Successfully started the server
2025-08-22 13:45:11 : info  : Successfully started the server
2025-08-22 13:45:17 : info  : Successfully started the server
2025-08-22 13:45:21 : info  : Successfully started the server
2025-08-22 13:45:22 : info  : Successfully started the server
2025-08-22 13:45:30 : info  : Successfully started the server
2025-08-22 13:47:17 : info  : Successfully started the server
2025-08-22 13:47:20 : info  : Successfully started the server
2025-08-22 13:47:23 : info  : Successfully started the server
2025-08-22 13:47:26 : info  : Successfully started the server
2025-08-22 14:00:49 : info  : Successfully started the server
2025-08-22 14:00:57 : info  : Successfully started the server
2025-08-22 14:01:03 : info  : Successfully started the server
2025-08-22 14:04:21 : info  : Successfully started the server
2025-08-22 14:04:23 : info  : Successfully started the server
2025-08-22 14:04:32 : info  : Successfully started the server
2025-08-22 14:12:04 : info  : Successfully started the server
2025-08-22 14:12:06 : info  : Successfully started the server
2025-08-22 14:12:07 : info  : Successfully started the server
2025-08-22 14:12:18 : info  : Successfully started the server
2025-08-22 14:12:19 : info  : Successfully started the server
2025-08-22 14:12:22 : info  : Successfully started the server
2025-08-22 14:13:10 : info  : Successfully started the server
2025-08-22 14:13:14 : info  : Successfully started the server
2025-08-22 14:13:22 : info  : Successfully started the server
2025-08-22 14:13:27 : info  : Successfully started the server
2025-08-22 14:13:29 : info  : Successfully started the server
2025-08-22 14:13:30 : info  : Successfully started the server
2025-08-22 14:13:32 : info  : Successfully started the server
2025-08-22 14:13:37 : info  : Successfully started the server
2025-08-22 14:13:52 : info  : Successfully started the server
2025-08-22 14:13:54 : info  : Successfully started the server
2025-08-22 14:13:58 : info  : Successfully started the server
2025-08-22 14:14:00 : info  : Successfully started the server
2025-08-22 14:14:09 : info  : Successfully started the server
2025-08-22 14:14:14 : info  : Successfully started the server
2025-08-22 14:14:21 : info  : Successfully started the server
2025-08-22 14:14:23 : info  : Successfully started the server
2025-08-22 14:14:25 : info  : Successfully started the server
2025-08-22 14:14:28 : info  : Successfully started the server
2025-08-22 14:14:54 : info  : Successfully started the server
2025-08-22 14:14:55 : info  : Successfully started the server
2025-08-22 14:15:16 : info  : Successfully started the server
2025-08-22 14:15:20 : info  : Successfully started the server
2025-08-22 14:17:39 : info  : Successfully started the server
2025-08-22 14:17:48 : info  : Successfully started the server
2025-08-22 14:17:51 : info  : Successfully started the server
2025-08-22 14:17:53 : info  : Successfully started the server
2025-08-22 14:17:53 : info  : Successfully started the server
